#
# There is insufficient memory for the Java Runtime Environment to continue.
# Native memory allocation (mmap) failed to map 268435456 bytes for Failed to commit area from 0x0000000700c00000 to 0x0000000710c00000 of length 268435456.
# Possible reasons:
#   The system is out of physical RAM or swap space
#   The process is running with CompressedOops enabled, and the Java Heap may be blocking the growth of the native heap
# Possible solutions:
#   Reduce memory load on the system
#   Increase physical memory or swap space
#   Check if swap backing store is full
#   Decrease Java heap size (-Xmx/-Xms)
#   Decrease number of Java threads
#   Decrease Java thread stack sizes (-Xss)
#   Set larger code cache with -XX:ReservedCodeCacheSize=
# This output file may be truncated or incomplete.
#
#  Out of Memory Error (t:/workspace/open/src/hotspot/os/windows/os_windows.cpp:3269), pid=30592, tid=3308
#
# JRE version:  (11.0.2+9) (build )
# Java VM: Java HotSpot(TM) 64-Bit Server VM (11.0.2+9-LTS, mixed mode, aot, sharing, tiered, compressed oops, g1 gc, windows-amd64)
# No core dump will be written. Minidumps are not enabled by default on client versions of Windows
#

---------------  S U M M A R Y ------------

Command Line: -Dfile.encoding=UTF-8 gridSymbols.GridSymbols

Host: AMD Ryzen 5 1600 Six-Core Processor            , 12 cores, 15G,  Windows 10 , 64 bit Build 18362 (10.0.18362.329)
Time: Tue Feb 11 23:07:29 2020 Eastern Standard Time elapsed time: 0 seconds (0d 0h 0m 0s)

---------------  T H R E A D  ---------------

Current thread (0x00000268cb581800):  JavaThread "Unknown thread" [_thread_in_vm, id=3308, stack(0x0000008a1c600000,0x0000008a1c700000)]

Stack: [0x0000008a1c600000,0x0000008a1c700000]
Native frames: (J=compiled Java code, j=interpreted, Vv=VM code, C=native code)
V  [jvm.dll+0x63574a]
V  [jvm.dll+0x77326f]
V  [jvm.dll+0x77491a]
V  [jvm.dll+0x774fd3]
V  [jvm.dll+0x25e418]
V  [jvm.dll+0x632c0a]
V  [jvm.dll+0x627645]
V  [jvm.dll+0x314e7c]
V  [jvm.dll+0x314d02]
V  [jvm.dll+0x31a576]
V  [jvm.dll+0x36635f]
V  [jvm.dll+0x365d80]
V  [jvm.dll+0x2f19f8]
V  [jvm.dll+0x2f2b56]
V  [jvm.dll+0x74c817]
V  [jvm.dll+0x74df5f]
V  [jvm.dll+0x373179]
V  [jvm.dll+0x732eb9]
V  [jvm.dll+0x3e295d]
V  [jvm.dll+0x3e4c61]
C  [javaw.exe+0x3617]
C  [javaw.exe+0x17e2c]
C  [KERNEL32.DLL+0x17bd4]
C  [ntdll.dll+0x6ced1]


---------------  P R O C E S S  ---------------

Threads class SMR info:
_java_thread_list=0x00000268cb2f9510, length=0, elements={
}

Java Threads: ( => current thread )

Other Threads:
  0x00000268cb5a0800 GCTaskThread "GC Thread#0" [stack: 0x0000008a1c700000,0x0000008a1c800000] [id=28600]
  0x00000268cb5fc000 ConcurrentGCThread "G1 Main Marker" [stack: 0x0000008a1c800000,0x0000008a1c900000] [id=27528]
  0x00000268cb5fd000 ConcurrentGCThread "G1 Conc#0" [stack: 0x0000008a1c900000,0x0000008a1ca00000] [id=27524]

[error occurred during error reporting (printing all threads), id 0xc0000005, EXCEPTION_ACCESS_VIOLATION (0xc0000005) at pc=0x00007ffea87c0197]

VM state:not at safepoint (not fully initialized)

VM Mutex/Monitor currently owned by a thread:  ([mutex/lock_event])
[0x00000268cb580ea0] Heap_lock - owner thread: 0x00000268cb581800

Heap address: 0x0000000700c00000, size: 4084 MB, Compressed Oops mode: Non-zero based: 0x0000000700c00000
Narrow klass base: 0x0000000000000000, Narrow klass shift: 0

GC Heap History (0 events):
No events

Deoptimization events (0 events):
No events

Classes redefined (0 events):
No events

Internal exceptions (0 events):
No events

Events (0 events):
No events


Dynamic libraries:
0x00007ff600010000 - 0x00007ff600057000 	C:\Program Files\Java\jdk-11.0.2\bin\javaw.exe
0x00007fff0e180000 - 0x00007fff0e370000 	C:\WINDOWS\SYSTEM32\ntdll.dll
0x00007fff0c550000 - 0x00007fff0c602000 	C:\WINDOWS\System32\KERNEL32.DLL
0x00007fff0bd90000 - 0x00007fff0c033000 	C:\WINDOWS\System32\KERNELBASE.dll
0x00007fff0e090000 - 0x00007fff0e133000 	C:\WINDOWS\System32\ADVAPI32.dll
0x00007fff0c610000 - 0x00007fff0c6ae000 	C:\WINDOWS\System32\msvcrt.dll
0x00007fff0cbe0000 - 0x00007fff0cc77000 	C:\WINDOWS\System32\sechost.dll
0x00007fff0cec0000 - 0x00007fff0cfe0000 	C:\WINDOWS\System32\RPCRT4.dll
0x00007fff0c240000 - 0x00007fff0c3d4000 	C:\WINDOWS\System32\USER32.dll
0x00007fff0b2e0000 - 0x00007fff0b301000 	C:\WINDOWS\System32\win32u.dll
0x00007fff0c520000 - 0x00007fff0c546000 	C:\WINDOWS\System32\GDI32.dll
0x00007fff0bb90000 - 0x00007fff0bd24000 	C:\WINDOWS\System32\gdi32full.dll
0x00007fff0c090000 - 0x00007fff0c12e000 	C:\WINDOWS\System32\msvcp_win.dll
0x00007fff0c130000 - 0x00007fff0c22a000 	C:\WINDOWS\System32\ucrtbase.dll
0x00007fff002d0000 - 0x00007fff00555000 	C:\WINDOWS\WinSxS\amd64_microsoft.windows.common-controls_6595b64144ccf1df_6.0.18362.592_none_e6c0b1911312be02\COMCTL32.dll
0x00007fff0c8a0000 - 0x00007fff0cbd6000 	C:\WINDOWS\System32\combase.dll
0x00007fff0b260000 - 0x00007fff0b2e0000 	C:\WINDOWS\System32\bcryptPrimitives.dll
0x00007fff07140000 - 0x00007fff0714a000 	C:\WINDOWS\SYSTEM32\VERSION.dll
0x00007fff0c710000 - 0x00007fff0c73e000 	C:\WINDOWS\System32\IMM32.DLL
0x00007ffefcd40000 - 0x00007ffefcdef000 	C:\Program Files\Emsisoft Anti-Malware\a2hooks64.dll
0x00007fff0d2d0000 - 0x00007fff0d9b5000 	C:\WINDOWS\System32\SHELL32.dll
0x00007fff0ba90000 - 0x00007fff0bada000 	C:\WINDOWS\System32\cfgmgr32.dll
0x00007fff0dfe0000 - 0x00007fff0e089000 	C:\WINDOWS\System32\shcore.dll
0x00007fff0b310000 - 0x00007fff0ba8f000 	C:\WINDOWS\System32\windows.storage.dll
0x00007fff0b0d0000 - 0x00007fff0b0ef000 	C:\WINDOWS\System32\profapi.dll
0x00007fff0b060000 - 0x00007fff0b0aa000 	C:\WINDOWS\System32\powrprof.dll
0x00007fff0b050000 - 0x00007fff0b060000 	C:\WINDOWS\System32\UMPDC.dll
0x00007fff0dab0000 - 0x00007fff0db02000 	C:\WINDOWS\System32\shlwapi.dll
0x00007fff0b0b0000 - 0x00007fff0b0c1000 	C:\WINDOWS\System32\kernel.appcore.dll
0x00007fff0c070000 - 0x00007fff0c087000 	C:\WINDOWS\System32\cryptsp.dll
0x00007fff0a0b0000 - 0x00007fff0a0e1000 	C:\WINDOWS\SYSTEM32\ntmarta.dll
0x00007ffee6770000 - 0x00007ffee6786000 	C:\Program Files\Java\jdk-11.0.2\bin\vcruntime140.dll
0x00007ffed4610000 - 0x00007ffed46ba000 	C:\Program Files\Java\jdk-11.0.2\bin\msvcp140.dll
0x00007ffea84c0000 - 0x00007ffea8fe7000 	C:\Program Files\Java\jdk-11.0.2\bin\server\jvm.dll
0x00000268cb500000 - 0x00000268cb508000 	C:\WINDOWS\System32\PSAPI.DLL
0x00007ffefe630000 - 0x00007ffefe639000 	C:\WINDOWS\SYSTEM32\WSOCK32.dll
0x00007fff0c760000 - 0x00007fff0c7cf000 	C:\WINDOWS\System32\WS2_32.dll
0x00007fff09200000 - 0x00007fff09224000 	C:\WINDOWS\SYSTEM32\WINMM.dll
0x00007fff08fc0000 - 0x00007fff08fed000 	C:\WINDOWS\SYSTEM32\WINMMBASE.dll
0x00007ffee4810000 - 0x00007ffee4821000 	C:\Program Files\Java\jdk-11.0.2\bin\verify.dll
0x00007fff05e50000 - 0x00007fff06044000 	C:\WINDOWS\SYSTEM32\DBGHELP.DLL
0x00007fff05e10000 - 0x00007fff05e3a000 	C:\WINDOWS\SYSTEM32\dbgcore.DLL
0x00007ffee0060000 - 0x00007ffee0089000 	C:\Program Files\Java\jdk-11.0.2\bin\java.dll
0x00007ffee4420000 - 0x00007ffee4436000 	C:\Program Files\Java\jdk-11.0.2\bin\zip.dll
0x00007ffefe5d0000 - 0x00007ffefe5da000 	C:\Program Files\Java\jdk-11.0.2\bin\jimage.dll

dbghelp: loaded successfully - version: 4.0.5 - missing functions: none
symbol engine: initialized successfully - sym options: 0x614 - pdb path: .;C:\Program Files\Java\jdk-11.0.2\bin;C:\WINDOWS\SYSTEM32;C:\WINDOWS\WinSxS\amd64_microsoft.windows.common-controls_6595b64144ccf1df_6.0.18362.592_none_e6c0b1911312be02;C:\Program Files\Emsisoft Anti-Malware;C:\Program Files\Java\jdk-11.0.2\bin\server

VM Arguments:
jvm_args: -Dfile.encoding=UTF-8 
java_command: gridSymbols.GridSymbols
java_class_path (initial): C:\Users\Evan\eclipse-workspace\ProceduralSymbols\bin
Launcher Type: SUN_STANDARD

[Global flags]
     intx CICompilerCount                          = 4                                         {product} {ergonomic}
     uint ConcGCThreads                            = 3                                         {product} {ergonomic}
     uint G1ConcRefinementThreads                  = 10                                        {product} {ergonomic}
   size_t G1HeapRegionSize                         = 1048576                                   {product} {ergonomic}
    uintx GCDrainStackTargetSize                   = 64                                        {product} {ergonomic}
   size_t InitialHeapSize                          = 268435456                                 {product} {ergonomic}
   size_t MarkStackSize                            = 4194304                                   {product} {ergonomic}
   size_t MaxHeapSize                              = 4282384384                                {product} {ergonomic}
   size_t MinHeapDeltaBytes                        = 1048576                                   {product} {ergonomic}
    uintx NonNMethodCodeHeapSize                   = 5835340                                {pd product} {ergonomic}
    uintx NonProfiledCodeHeapSize                  = 122911450                              {pd product} {ergonomic}
    uintx ProfiledCodeHeapSize                     = 122911450                              {pd product} {ergonomic}
    uintx ReservedCodeCacheSize                    = 251658240                              {pd product} {ergonomic}
     bool SegmentedCodeCache                       = true                                      {product} {ergonomic}
     bool UseCompressedClassPointers               = true                                 {lp64_product} {ergonomic}
     bool UseCompressedOops                        = true                                 {lp64_product} {ergonomic}
     bool UseG1GC                                  = true                                      {product} {ergonomic}
     bool UseLargePagesIndividualAllocation        = false                                  {pd product} {ergonomic}

Logging:
Log output configuration:
 #0: stdout all=warning uptime,level,tags
 #1: stderr all=off uptime,level,tags

Environment Variables:
JAVA_HOME=C:\Program Files\AdoptOpenJDK\jdk-8.0.222.10-hotspot\
PATH=C:/Program Files/AdoptOpenJDK/jdk-8.0.222.10-hotspot/bin/../jre/bin/server;C:/Program Files/AdoptOpenJDK/jdk-8.0.222.10-hotspot/bin/../jre/bin;C:/Program Files/AdoptOpenJDK/jdk-8.0.222.10-hotspot/bin/../jre/lib/amd64;C:\Program Files\AdoptOpenJDK\jdk-8.0.222.10-hotspot\bin;C:\Program Files\Java\jre1.8.0_192\bin;C:\Program Files\NVIDIA Corporation\NVIDIA NvDLISR;C:\Program Files\Calibre2\;C:\Program Files (x86)\NVIDIA Corporation\PhysX\Common;C:\Program Files\Microsoft SQL Server\120\Tools\Binn\;C:\WINDOWS\system32;C:\WINDOWS;C:\WINDOWS\System32\Wbem;C:\WINDOWS\System32\WindowsPowerShell\v1.0\;C:\WINDOWS\System32\OpenSSH\;C:\Program Files\Git\cmd;C:\Users\Evan\AppData\Local\Microsoft\WindowsApps;C:\Users\Evan\AppData\Local\atom\bin;%USERPROFILE%\AppData\Local\Microsoft\WindowsApps;;C:\Users\Evan\AppData\Roaming\Microsoft\Windows\Start Menu\Programs\Eclipse;
USERNAME=Evan
OS=Windows_NT
PROCESSOR_IDENTIFIER=AMD64 Family 23 Model 1 Stepping 1, AuthenticAMD



---------------  S Y S T E M  ---------------

OS: Windows 10 , 64 bit Build 18362 (10.0.18362.329)

CPU:total 12 (initial active 12) (12 cores per cpu, 2 threads per core) family 23 model 1 stepping 1, cmov, cx8, fxsr, mmx, sse, sse2, sse3, ssse3, sse4.1, sse4.2, popcnt, avx, avx2, aes, clmul, mmxext, 3dnowpref, lzcnt, sse4a, ht, tsc, tscinvbit, tscinv, bmi1, bmi2, adx, sha, fma

Memory: 4k page, system-wide physical 16331M (4938M free)
TotalPageFile size 65433M (AvailPageFile size 170M)
current process WorkingSet (physical memory assigned to process): 12M, peak: 12M
current process commit charge ("private bytes"): 66M, peak: 322M

vm_info: Java HotSpot(TM) 64-Bit Server VM (11.0.2+9-LTS) for windows-amd64 JRE (11.0.2+9-LTS), built on Jan 18 2019 05:24:10 by "mach5one" with MS VC++ 15.5 (VS2017)

END.
